<?xml version="1.0" encoding="UTF-8"?>
<!-- Generated by org.testng.reporters.JUnitReportReporter -->
<testsuite skipped="0" hostname="DESKTOP-PF07L27" name="org.pomTC.ActitimeLogin" tests="1" failures="0" timestamp="10 Mar 2022 18:08:38 GMT" time="8.607" errors="0">
  <testcase name="loginActitime" time="8.607" classname="org.pomTC.ActitimeLogin"/>
</testsuite> <!-- org.pomTC.ActitimeLogin -->
